<?xml version="1.0" encoding="UTF-8"?>
<!-- Generated by org.testng.reporters.JUnitXMLReporter -->
<testsuite hostname="LAPTOP-5I8UCAMO" ignored="0" name="Test" tests="5" failures="0" timestamp="2023-03-18T19:26:11 GMT" time="4.305" errors="0">
  <testcase name="test1" time="4.211" classname="com.learnautomation.testcases.Testcase1"/>
  <testcase name="test2" time="0.002" classname="com.learnautomation.testcases.Testcase1"/>
  <testcase name="test3" time="0.002" classname="com.learnautomation.testcases.Testcase1"/>
  <testcase name="test4" time="0.004" classname="com.learnautomation.testcases.Testcase2"/>
  <testcase name="test5" time="0.004" classname="com.learnautomation.testcases.Testcase2"/>
</testsuite> <!-- Test -->
