<?xml version="1.0" encoding="UTF-8"?>
<testng-results skipped="0" failed="0" ignored="0" total="5" passed="5">
  <reporter-output>
  </reporter-output>
  <suite name="Suite" duration-ms="4305" started-at="2023-03-18T19:26:07 GMT" finished-at="2023-03-18T19:26:11 GMT">
    <groups>
    </groups>
    <test name="Test" duration-ms="4305" started-at="2023-03-18T19:26:07 GMT" finished-at="2023-03-18T19:26:11 GMT">
      <class name="com.learnautomation.testcases.Testcase2">
        <test-method status="PASS" signature="test4()[pri:0, instance:com.learnautomation.testcases.Testcase2@3cb1ffe6]" name="test4" duration-ms="4" started-at="2023-03-18T19:26:11 GMT" finished-at="2023-03-18T19:26:11 GMT">
          <reporter-output>
          </reporter-output>
        </test-method> <!-- test4 -->
        <test-method status="PASS" signature="test5()[pri:0, instance:com.learnautomation.testcases.Testcase2@3cb1ffe6]" name="test5" duration-ms="4" started-at="2023-03-18T19:26:11 GMT" finished-at="2023-03-18T19:26:11 GMT">
          <reporter-output>
          </reporter-output>
        </test-method> <!-- test5 -->
      </class> <!-- com.learnautomation.testcases.Testcase2 -->
      <class name="com.learnautomation.testcases.Testcase1">
        <test-method status="PASS" signature="test1(java.lang.String)[pri:0, instance:com.learnautomation.testcases.Testcase1@76b0bfab]" name="test1" duration-ms="4211" started-at="2023-03-18T19:26:07 GMT" finished-at="2023-03-18T19:26:11 GMT">
          <params>
            <param index="0">
              <value>
                <![CDATA[https://google.co.in]]>
              </value>
            </param>
          </params>
          <reporter-output>
          </reporter-output>
        </test-method> <!-- test1 -->
        <test-method status="PASS" signature="test2()[pri:0, instance:com.learnautomation.testcases.Testcase1@76b0bfab]" name="test2" duration-ms="2" started-at="2023-03-18T19:26:11 GMT" finished-at="2023-03-18T19:26:11 GMT">
          <reporter-output>
          </reporter-output>
        </test-method> <!-- test2 -->
        <test-method status="PASS" signature="test3()[pri:0, instance:com.learnautomation.testcases.Testcase1@76b0bfab]" name="test3" duration-ms="2" started-at="2023-03-18T19:26:11 GMT" finished-at="2023-03-18T19:26:11 GMT">
          <reporter-output>
          </reporter-output>
        </test-method> <!-- test3 -->
      </class> <!-- com.learnautomation.testcases.Testcase1 -->
    </test> <!-- Test -->
  </suite> <!-- Suite -->
</testng-results>
