<?xml version="1.0" encoding="UTF-8"?>
<testng-results skipped="0" failed="1" ignored="0" total="5" passed="4">
  <reporter-output>
  </reporter-output>
  <suite name="Suite" duration-ms="104" started-at="2023-07-01T10:41:28 BST" finished-at="2023-07-01T10:41:28 BST">
    <groups>
    </groups>
    <test name="Test" duration-ms="104" started-at="2023-07-01T10:41:28 BST" finished-at="2023-07-01T10:41:28 BST">
      <class name="com.learnautomation.testcases.Testcase2">
        <test-method status="PASS" signature="test4()[pri:0, instance:com.learnautomation.testcases.Testcase2@3cb1ffe6]" name="test4" duration-ms="2" started-at="2023-07-01T10:41:28 BST" finished-at="2023-07-01T10:41:28 BST">
          <reporter-output>
          </reporter-output>
        </test-method> <!-- test4 -->
        <test-method status="PASS" signature="test5()[pri:0, instance:com.learnautomation.testcases.Testcase2@3cb1ffe6]" name="test5" duration-ms="2" started-at="2023-07-01T10:41:28 BST" finished-at="2023-07-01T10:41:28 BST">
          <reporter-output>
          </reporter-output>
        </test-method> <!-- test5 -->
      </class> <!-- com.learnautomation.testcases.Testcase2 -->
      <class name="com.learnautomation.testcases.Testcase1">
        <test-method status="FAIL" signature="test1(java.lang.String)[pri:0, instance:com.learnautomation.testcases.Testcase1@76b0bfab]" name="test1" duration-ms="0" started-at="2023-07-01T10:41:28 BST" finished-at="2023-07-01T10:41:28 BST">
          <exception class="org.testng.TestNGException">
            <message>
              <![CDATA[
Parameter 'url2' is required by @Test on method test1 but has not been marked @Optional or defined
in C:\Users\Dilip Kumar\MavenWorkspace\12Nov2021\testng2.xml]]>
            </message>
            <full-stacktrace>
              <![CDATA[org.testng.TestNGException: 
Parameter 'url2' is required by @Test on method test1 but has not been marked @Optional or defined
in C:\Users\Dilip Kumar\MavenWorkspace\12Nov2021\testng2.xml
at org.testng.internal.Parameters.createParams(Parameters.java:270)
at org.testng.internal.Parameters.createParametersForMethod(Parameters.java:358)
at org.testng.internal.Parameters.createParameters(Parameters.java:700)
at org.testng.internal.Parameters.handleParameters(Parameters.java:884)
at org.testng.internal.Parameters.handleParameters(Parameters.java:740)
at org.testng.internal.ParameterHandler.handleParameters(ParameterHandler.java:59)
at org.testng.internal.ParameterHandler.createParameters(ParameterHandler.java:38)
at org.testng.internal.TestInvoker$MethodInvocationAgent.invoke(TestInvoker.java:791)
at org.testng.internal.TestInvoker.invokeTestMethods(TestInvoker.java:146)
at org.testng.internal.TestMethodWorker.invokeTestMethods(TestMethodWorker.java:146)
at org.testng.internal.TestMethodWorker.run(TestMethodWorker.java:128)
at java.util.ArrayList.forEach(ArrayList.java:1257)
at org.testng.TestRunner.privateRun(TestRunner.java:794)
at org.testng.TestRunner.run(TestRunner.java:596)
at org.testng.SuiteRunner.runTest(SuiteRunner.java:377)
at org.testng.SuiteRunner.runSequentially(SuiteRunner.java:371)
at org.testng.SuiteRunner.privateRun(SuiteRunner.java:332)
at org.testng.SuiteRunner.run(SuiteRunner.java:276)
at org.testng.SuiteRunnerWorker.runSuite(SuiteRunnerWorker.java:53)
at org.testng.SuiteRunnerWorker.run(SuiteRunnerWorker.java:96)
at org.testng.TestNG.runSuitesSequentially(TestNG.java:1212)
at org.testng.TestNG.runSuitesLocally(TestNG.java:1134)
at org.testng.TestNG.runSuites(TestNG.java:1063)
at org.testng.TestNG.run(TestNG.java:1031)
at org.testng.remote.AbstractRemoteTestNG.run(AbstractRemoteTestNG.java:115)
at org.testng.remote.RemoteTestNG.initAndRun(RemoteTestNG.java:251)
at org.testng.remote.RemoteTestNG.main(RemoteTestNG.java:77)
]]>
            </full-stacktrace>
          </exception> <!-- org.testng.TestNGException -->
          <reporter-output>
          </reporter-output>
        </test-method> <!-- test1 -->
        <test-method status="PASS" signature="test2()[pri:0, instance:com.learnautomation.testcases.Testcase1@76b0bfab]" name="test2" duration-ms="9" started-at="2023-07-01T10:41:28 BST" finished-at="2023-07-01T10:41:28 BST">
          <reporter-output>
          </reporter-output>
        </test-method> <!-- test2 -->
        <test-method status="PASS" signature="test3()[pri:0, instance:com.learnautomation.testcases.Testcase1@76b0bfab]" name="test3" duration-ms="1" started-at="2023-07-01T10:41:28 BST" finished-at="2023-07-01T10:41:28 BST">
          <reporter-output>
          </reporter-output>
        </test-method> <!-- test3 -->
      </class> <!-- com.learnautomation.testcases.Testcase1 -->
    </test> <!-- Test -->
  </suite> <!-- Suite -->
</testng-results>
